DEBUG:backend.main:Starting lifespan event
DEBUG:backend.main:Table subaccounts created or already exists
DEBUG:backend.main:Shutting down lifespan event
DEBUG:backend.main:Starting lifespan event
DEBUG:backend.main:Table subaccounts created or already exists
DEBUG:backend.main:Shutting down lifespan event
DEBUG:backend.main:Starting lifespan event
DEBUG:backend.main:Table subaccounts created or already exists
DEBUG:backend.main:Shutting down lifespan event
DEBUG:backend.main:Starting lifespan event
DEBUG:backend.main:Table subaccounts created or already exists
DEBUG:backend.main:Shutting down lifespan event
DEBUG:backend.main:Starting lifespan event
DEBUG:backend.main:Table subaccounts created or already exists
DEBUG:backend.main:Received request data: {'sid': 'session123', 'user': 'AGBOT1', 'api_key': '13c80d4bd1094d07ceb974baa684cf8ccdd18f4aea56a7c46cc91abf0cc883ff', 'subAccounts': [{'id': '#1000', 'broker': 'Binance', 'availableBalance': 15000.0606}]}
DEBUG:backend.main:Parsed data: sid=session123, user=AGBOT1, api_key=13c80d4bd1094d07ceb974baa684cf8ccdd18f4aea56a7c46cc91abf0cc883ff, subaccounts=[{'id': '#1000', 'broker': 'Binance', 'availableBalance': 15000.0606}]
DEBUG:backend.main:Ensured subaccounts table exists
DEBUG:backend.main:Shutting down lifespan event
DEBUG:backend.main:Starting lifespan event
DEBUG:backend.main:Table subaccounts created or already exists
DEBUG:backend.main:Shutting down lifespan event
DEBUG:backend.main:Starting lifespan event
DEBUG:backend.main:Table subaccounts created or already exists
DEBUG:backend.main:Shutting down lifespan event
DEBUG:backend.main:Starting lifespan event
DEBUG:backend.main:Table subaccounts created or already exists
DEBUG:backend.main:Received request data: {'sid': 'session123', 'user': 'AGBOT1', 'api_key': '13c80d4bd1094d07ceb974baa684cf8ccdd18f4aea56a7c46cc91abf0cc883ff', 'subAccounts': [{'id': '#1000', 'broker': 'Binance', 'availableBalance': 15000.0606}]}
DEBUG:backend.main:Parsed data: sid=session123, user=AGBOT1, api_key=13c80d4bd1094d07ceb974baa684cf8ccdd18f4aea56a7c46cc91abf0cc883ff, subaccounts=[{'id': '#1000', 'broker': 'Binance', 'availableBalance': 15000.0606}]
DEBUG:backend.main:Ensured subaccounts table exists in request
DEBUG:backend.main:Starting lifespan event
DEBUG:backend.main:Table subaccounts created or already exists
DEBUG:backend.main:Shutting down lifespan event
DEBUG:backend.main:Starting lifespan event
DEBUG:backend.main:Table subaccounts created or already exists
DEBUG:backend.main:Shutting down lifespan event
DEBUG:backend.main:Starting lifespan event
DEBUG:backend.main:Table subaccounts created or already exists
DEBUG:backend.main:Shutting down lifespan event
2025-07-10 12:49:15,862 - backend.main - DEBUG - Starting lifespan event
2025-07-10 12:49:15,862 - backend.main - DEBUG - Table subaccounts created or already exists
2025-07-10 12:49:38,395 - backend.main - DEBUG - Shutting down lifespan event
2025-07-10 12:49:38,905 - backend.main - DEBUG - Starting lifespan event
2025-07-10 12:49:38,906 - backend.main - DEBUG - Table subaccounts created or already exists
2025-07-10 12:50:02,962 - backend.main - DEBUG - Shutting down lifespan event
2025-07-10 12:50:03,441 - backend.main - DEBUG - Starting lifespan event
2025-07-10 12:50:03,442 - backend.main - DEBUG - Table subaccounts created or already exists
2025-07-10 12:50:05,565 - backend.main - DEBUG - Shutting down lifespan event
2025-07-10 12:50:05,994 - backend.main - DEBUG - Starting lifespan event
2025-07-10 12:50:05,994 - backend.main - DEBUG - Table subaccounts created or already exists
2025-07-10 12:50:30,954 - backend.main - DEBUG - Shutting down lifespan event
2025-07-10 12:50:31,428 - backend.main - DEBUG - Starting lifespan event
2025-07-10 12:50:31,429 - backend.main - DEBUG - Table subaccounts created or already exists
2025-07-10 12:50:50,122 - backend.main - DEBUG - Shutting down lifespan event
2025-07-10 12:50:50,559 - backend.main - DEBUG - Starting lifespan event
2025-07-10 12:50:50,560 - backend.main - DEBUG - Table subaccounts created or already exists
2025-07-10 12:51:00,566 - backend.main - DEBUG - Shutting down lifespan event
2025-07-22 15:38:06,046 - main - DEBUG - Starting lifespan event
2025-07-22 15:38:06,048 - main - DEBUG - Table subaccounts created or already exists
2025-07-22 15:38:58,812 - main - DEBUG - Shutting down lifespan event
2025-07-22 15:38:59,320 - main - DEBUG - Starting lifespan event
2025-07-22 15:38:59,320 - main - DEBUG - Table subaccounts created or already exists
2025-07-22 15:39:04,377 - main - DEBUG - Shutting down lifespan event
2025-07-22 15:39:04,786 - main - DEBUG - Starting lifespan event
2025-07-22 15:39:04,786 - main - DEBUG - Table subaccounts created or already exists
2025-07-22 15:39:15,005 - main - DEBUG - Shutting down lifespan event
2025-07-22 15:39:15,485 - main - DEBUG - Starting lifespan event
2025-07-22 15:39:15,485 - main - DEBUG - Table subaccounts created or already exists
2025-07-22 15:39:27,112 - main - DEBUG - Shutting down lifespan event
2025-07-22 15:39:27,542 - main - DEBUG - Starting lifespan event
2025-07-22 15:39:27,542 - main - DEBUG - Table subaccounts created or already exists
2025-07-22 15:39:32,395 - main - DEBUG - Shutting down lifespan event
2025-07-22 15:39:32,825 - main - DEBUG - Starting lifespan event
2025-07-22 15:39:32,826 - main - DEBUG - Table subaccounts created or already exists
2025-07-22 15:40:44,385 - main - DEBUG - Shutting down lifespan event
2025-07-22 15:40:44,915 - main - DEBUG - Starting lifespan event
2025-07-22 15:40:44,915 - main - DEBUG - Table subaccounts created or already exists
2025-07-22 15:41:06,451 - main - DEBUG - Shutting down lifespan event
2025-07-22 15:41:06,954 - main - DEBUG - Starting lifespan event
2025-07-22 15:41:06,955 - main - DEBUG - Table subaccounts created or already exists
2025-07-22 15:41:16,052 - main - DEBUG - Shutting down lifespan event
2025-07-22 15:41:16,531 - main - DEBUG - Starting lifespan event
2025-07-22 15:41:16,532 - main - DEBUG - Table subaccounts created or already exists
2025-07-22 15:41:17,444 - main - DEBUG - Shutting down lifespan event
2025-07-22 15:41:17,854 - main - DEBUG - Starting lifespan event
2025-07-22 15:41:17,855 - main - DEBUG - Table subaccounts created or already exists
2025-07-22 15:41:50,712 - main - DEBUG - Shutting down lifespan event
2025-07-22 15:42:03,713 - main - DEBUG - Starting lifespan event
2025-07-22 15:42:03,714 - main - DEBUG - Table subaccounts created or already exists
2025-07-22 15:42:25,546 - main - DEBUG - Shutting down lifespan event
2025-07-22 15:42:28,350 - main - DEBUG - Starting lifespan event
2025-07-22 15:42:28,351 - main - DEBUG - Table subaccounts created or already exists
2025-07-22 15:45:11,715 - main - DEBUG - Shutting down lifespan event
2025-07-22 15:45:12,265 - main - DEBUG - Starting lifespan event
2025-07-22 15:45:12,266 - main - DEBUG - Table subaccounts created or already exists
2025-07-22 15:45:52,397 - main - DEBUG - Shutting down lifespan event
2025-07-22 15:45:52,928 - main - DEBUG - Starting lifespan event
2025-07-22 15:45:52,929 - main - DEBUG - Table subaccounts created or already exists
2025-07-22 15:46:19,112 - main - DEBUG - Shutting down lifespan event
