2025-07-28 15:17:56,767 - main - INFO - Starting application
2025-07-28 15:17:56,771 - main - INFO - Database initialized
2025-07-28 15:17:57,804 - websocket - INFO - Websocket connected
2025-07-28 15:17:57,805 - main - INFO - WebSocket connection established
2025-07-28 15:17:57,805 - main - INFO - Sent subscription message for ['BTCUSD', 'ETHUSD']
2025-07-28 15:17:58,107 - main - ERROR - WebSocket error: Connection to remote host was lost.
2025-07-28 15:17:58,107 - websocket - ERROR - Connection to remote host was lost. - goodbye
2025-07-28 15:17:58,107 - main - INFO - WebSocket closed with code: None, message: None
2025-07-28 15:18:00,312 - main - INFO - Shutting down application
2025-07-28 15:18:07,784 - main - INFO - Starting application
2025-07-28 15:18:07,785 - main - INFO - Database initialized
2025-07-28 15:18:09,121 - websocket - INFO - Websocket connected
2025-07-28 15:18:09,121 - main - INFO - WebSocket connection established
2025-07-28 15:18:09,121 - main - INFO - Sent subscription message for ['BTCUSD', 'ETHUSD']
2025-07-28 15:18:09,481 - main - ERROR - WebSocket error: Connection to remote host was lost.
2025-07-28 15:18:09,481 - websocket - ERROR - Connection to remote host was lost. - goodbye
2025-07-28 15:18:09,481 - main - INFO - WebSocket closed with code: None, message: None
2025-07-28 15:18:10,455 - websocket - INFO - Websocket connected
2025-07-28 15:18:10,456 - main - INFO - WebSocket connection established
2025-07-28 15:18:10,456 - main - INFO - Sent subscription message for ['BTCUSD', 'ETHUSD']
2025-07-28 15:18:11,215 - main - ERROR - WebSocket error: Connection to remote host was lost.
2025-07-28 15:18:11,216 - websocket - ERROR - Connection to remote host was lost. - goodbye
2025-07-28 15:18:11,216 - main - INFO - WebSocket closed with code: None, message: None
2025-07-28 15:18:12,806 - websocket - INFO - Websocket connected
2025-07-28 15:18:12,807 - main - INFO - WebSocket connection established
2025-07-28 15:18:12,807 - main - INFO - Sent subscription message for ['BTCUSD', 'ETHUSD']
2025-07-28 15:18:13,400 - main - ERROR - WebSocket error: Connection to remote host was lost.
2025-07-28 15:18:13,401 - websocket - ERROR - Connection to remote host was lost. - goodbye
2025-07-28 15:18:13,401 - main - INFO - WebSocket closed with code: None, message: None
2025-07-28 15:18:15,068 - websocket - INFO - Websocket connected
2025-07-28 15:18:15,068 - main - INFO - WebSocket connection established
2025-07-28 15:18:15,068 - main - INFO - Sent subscription message for ['BTCUSD', 'ETHUSD']
2025-07-28 15:18:15,751 - main - ERROR - WebSocket error: Connection to remote host was lost.
2025-07-28 15:18:15,751 - websocket - ERROR - Connection to remote host was lost. - goodbye
2025-07-28 15:18:15,751 - main - INFO - WebSocket closed with code: None, message: None
2025-07-28 15:18:18,092 - websocket - INFO - Websocket connected
2025-07-28 15:18:18,093 - main - INFO - WebSocket connection established
2025-07-28 15:18:18,094 - main - INFO - Sent subscription message for ['BTCUSD', 'ETHUSD']
2025-07-28 15:18:18,979 - main - ERROR - WebSocket error: Connection to remote host was lost.
2025-07-28 15:18:18,979 - websocket - ERROR - Connection to remote host was lost. - goodbye
2025-07-28 15:18:18,979 - main - INFO - WebSocket closed with code: None, message: None
2025-07-28 15:18:20,746 - websocket - INFO - Websocket connected
2025-07-28 15:18:20,746 - main - INFO - WebSocket connection established
2025-07-28 15:18:20,747 - main - INFO - Sent subscription message for ['BTCUSD', 'ETHUSD']
2025-07-28 15:18:21,315 - main - ERROR - WebSocket error: Connection to remote host was lost.
2025-07-28 15:18:21,315 - websocket - ERROR - Connection to remote host was lost. - goodbye
2025-07-28 15:18:21,317 - main - INFO - WebSocket closed with code: None, message: None
2025-07-28 15:18:22,513 - websocket - INFO - Websocket connected
2025-07-28 15:18:22,513 - main - INFO - WebSocket connection established
2025-07-28 15:18:22,514 - main - INFO - Sent subscription message for ['BTCUSD', 'ETHUSD']
2025-07-28 15:18:23,070 - main - ERROR - WebSocket error: Connection to remote host was lost.
2025-07-28 15:18:23,071 - websocket - ERROR - Connection to remote host was lost. - goodbye
2025-07-28 15:18:23,071 - main - INFO - WebSocket closed with code: None, message: None
2025-07-28 15:18:24,322 - websocket - INFO - Websocket connected
2025-07-28 15:18:24,322 - main - INFO - WebSocket connection established
2025-07-28 15:18:24,323 - main - INFO - Sent subscription message for ['BTCUSD', 'ETHUSD']
2025-07-28 15:18:24,999 - main - ERROR - WebSocket error: Connection to remote host was lost.
2025-07-28 15:18:24,999 - websocket - ERROR - Connection to remote host was lost. - goodbye
2025-07-28 15:18:24,999 - main - INFO - WebSocket closed with code: None, message: None
2025-07-28 15:18:26,127 - websocket - INFO - Websocket connected
2025-07-28 15:18:26,128 - main - INFO - WebSocket connection established
2025-07-28 15:18:26,128 - main - INFO - Sent subscription message for ['BTCUSD', 'ETHUSD']
2025-07-28 15:18:26,461 - main - ERROR - WebSocket error: Connection to remote host was lost.
2025-07-28 15:18:26,461 - websocket - ERROR - Connection to remote host was lost. - goodbye
2025-07-28 15:18:26,461 - main - INFO - WebSocket closed with code: None, message: None
2025-07-28 15:18:27,323 - websocket - INFO - Websocket connected
2025-07-28 15:18:27,324 - main - INFO - WebSocket connection established
2025-07-28 15:18:27,324 - main - INFO - Sent subscription message for ['BTCUSD', 'ETHUSD']
2025-07-28 15:18:27,550 - main - ERROR - WebSocket error: Connection to remote host was lost.
2025-07-28 15:18:27,550 - websocket - ERROR - Connection to remote host was lost. - goodbye
2025-07-28 15:18:27,550 - main - INFO - WebSocket closed with code: None, message: None
2025-07-28 15:18:28,735 - websocket - INFO - Websocket connected
2025-07-28 15:18:28,735 - main - INFO - WebSocket connection established
2025-07-28 15:18:28,735 - main - INFO - Sent subscription message for ['BTCUSD', 'ETHUSD']
2025-07-28 15:18:29,144 - main - ERROR - WebSocket error: Connection to remote host was lost.
2025-07-28 15:18:29,145 - websocket - ERROR - Connection to remote host was lost. - goodbye
2025-07-28 15:18:29,145 - main - INFO - WebSocket closed with code: None, message: None
2025-07-28 15:18:30,103 - websocket - INFO - Websocket connected
2025-07-28 15:18:30,104 - main - INFO - WebSocket connection established
2025-07-28 15:18:30,104 - main - INFO - Sent subscription message for ['BTCUSD', 'ETHUSD']
2025-07-28 15:18:30,673 - main - ERROR - WebSocket error: Connection to remote host was lost.
2025-07-28 15:18:30,673 - websocket - ERROR - Connection to remote host was lost. - goodbye
2025-07-28 15:18:30,673 - main - INFO - WebSocket closed with code: None, message: None
2025-07-28 15:18:32,924 - websocket - INFO - Websocket connected
2025-07-28 15:18:32,925 - main - INFO - WebSocket connection established
2025-07-28 15:18:32,925 - main - INFO - Sent subscription message for ['BTCUSD', 'ETHUSD']
2025-07-28 15:18:33,237 - main - ERROR - WebSocket error: Connection to remote host was lost.
2025-07-28 15:18:33,237 - websocket - ERROR - Connection to remote host was lost. - goodbye
2025-07-28 15:18:33,238 - main - INFO - WebSocket closed with code: None, message: None
2025-07-28 15:18:34,208 - websocket - INFO - Websocket connected
2025-07-28 15:18:34,209 - main - INFO - WebSocket connection established
2025-07-28 15:18:34,209 - main - INFO - Sent subscription message for ['BTCUSD', 'ETHUSD']
2025-07-28 15:18:35,047 - main - ERROR - WebSocket error: Connection to remote host was lost.
2025-07-28 15:18:35,047 - websocket - ERROR - Connection to remote host was lost. - goodbye
2025-07-28 15:18:35,047 - main - INFO - WebSocket closed with code: None, message: None
2025-07-28 15:18:35,999 - websocket - INFO - Websocket connected
2025-07-28 15:18:36,000 - main - INFO - WebSocket connection established
2025-07-28 15:18:36,000 - main - INFO - Sent subscription message for ['BTCUSD', 'ETHUSD']
2025-07-28 15:18:36,484 - main - ERROR - WebSocket error: Connection to remote host was lost.
2025-07-28 15:18:36,484 - websocket - ERROR - Connection to remote host was lost. - goodbye
2025-07-28 15:18:36,485 - main - INFO - WebSocket closed with code: None, message: None
2025-07-28 15:18:37,776 - websocket - INFO - Websocket connected
2025-07-28 15:18:37,776 - main - INFO - WebSocket connection established
2025-07-28 15:18:37,777 - main - INFO - Sent subscription message for ['BTCUSD', 'ETHUSD']
2025-07-28 15:18:38,394 - main - ERROR - WebSocket error: Connection to remote host was lost.
2025-07-28 15:18:38,394 - websocket - ERROR - Connection to remote host was lost. - goodbye
2025-07-28 15:18:38,394 - main - INFO - WebSocket closed with code: None, message: None
2025-07-28 15:18:39,582 - websocket - INFO - Websocket connected
2025-07-28 15:18:39,582 - main - INFO - WebSocket connection established
2025-07-28 15:18:39,583 - main - INFO - Sent subscription message for ['BTCUSD', 'ETHUSD']
2025-07-28 15:18:39,926 - main - ERROR - WebSocket error: Connection to remote host was lost.
2025-07-28 15:18:39,927 - websocket - ERROR - Connection to remote host was lost. - goodbye
2025-07-28 15:18:39,927 - main - INFO - WebSocket closed with code: None, message: None
2025-07-28 15:18:41,164 - websocket - INFO - Websocket connected
2025-07-28 15:18:41,165 - main - INFO - WebSocket connection established
2025-07-28 15:18:41,166 - main - INFO - Sent subscription message for ['BTCUSD', 'ETHUSD']
2025-07-28 15:18:41,552 - main - ERROR - WebSocket error: Connection to remote host was lost.
2025-07-28 15:18:41,552 - websocket - ERROR - Connection to remote host was lost. - goodbye
2025-07-28 15:18:41,552 - main - INFO - WebSocket closed with code: None, message: None
2025-07-28 15:18:42,653 - websocket - INFO - Websocket connected
2025-07-28 15:18:42,653 - main - INFO - WebSocket connection established
2025-07-28 15:18:42,654 - main - INFO - Sent subscription message for ['BTCUSD', 'ETHUSD']
2025-07-28 15:18:43,201 - main - ERROR - WebSocket error: Connection to remote host was lost.
2025-07-28 15:18:43,201 - websocket - ERROR - Connection to remote host was lost. - goodbye
2025-07-28 15:18:43,201 - main - INFO - WebSocket closed with code: None, message: None
2025-07-28 15:18:44,758 - websocket - INFO - Websocket connected
2025-07-28 15:18:44,759 - main - INFO - WebSocket connection established
2025-07-28 15:18:44,759 - main - INFO - Sent subscription message for ['BTCUSD', 'ETHUSD']
2025-07-28 15:18:45,167 - main - ERROR - WebSocket error: Connection to remote host was lost.
2025-07-28 15:18:45,168 - websocket - ERROR - Connection to remote host was lost. - goodbye
2025-07-28 15:18:45,168 - main - INFO - WebSocket closed with code: None, message: None
2025-07-28 15:18:46,439 - websocket - INFO - Websocket connected
2025-07-28 15:18:46,439 - main - INFO - WebSocket connection established
2025-07-28 15:18:46,440 - main - INFO - Sent subscription message for ['BTCUSD', 'ETHUSD']
2025-07-28 15:18:47,056 - main - ERROR - WebSocket error: Connection to remote host was lost.
2025-07-28 15:18:47,056 - websocket - ERROR - Connection to remote host was lost. - goodbye
2025-07-28 15:18:47,056 - main - INFO - WebSocket closed with code: None, message: None
2025-07-28 15:18:49,510 - websocket - INFO - Websocket connected
2025-07-28 15:18:49,510 - main - INFO - WebSocket connection established
2025-07-28 15:18:49,510 - main - INFO - Sent subscription message for ['BTCUSD', 'ETHUSD']
2025-07-28 15:18:50,025 - main - ERROR - WebSocket error: Connection to remote host was lost.
2025-07-28 15:18:50,025 - websocket - ERROR - Connection to remote host was lost. - goodbye
2025-07-28 15:18:50,025 - main - INFO - WebSocket closed with code: None, message: None
2025-07-28 15:18:51,153 - websocket - INFO - Websocket connected
2025-07-28 15:18:51,154 - main - INFO - WebSocket connection established
2025-07-28 15:18:51,154 - main - INFO - Sent subscription message for ['BTCUSD', 'ETHUSD']
2025-07-28 15:18:51,540 - main - ERROR - WebSocket error: Connection to remote host was lost.
2025-07-28 15:18:51,541 - websocket - ERROR - Connection to remote host was lost. - goodbye
2025-07-28 15:18:51,541 - main - INFO - WebSocket closed with code: None, message: None
2025-07-28 15:18:52,538 - websocket - INFO - Websocket connected
2025-07-28 15:18:52,539 - main - INFO - WebSocket connection established
2025-07-28 15:18:52,539 - main - INFO - Sent subscription message for ['BTCUSD', 'ETHUSD']
2025-07-28 15:18:53,046 - main - ERROR - WebSocket error: Connection to remote host was lost.
2025-07-28 15:18:53,046 - websocket - ERROR - Connection to remote host was lost. - goodbye
2025-07-28 15:18:53,046 - main - INFO - WebSocket closed with code: None, message: None
2025-07-28 15:18:54,214 - websocket - INFO - Websocket connected
2025-07-28 15:18:54,214 - main - INFO - WebSocket connection established
2025-07-28 15:18:54,215 - main - INFO - Sent subscription message for ['BTCUSD', 'ETHUSD']
2025-07-28 15:18:54,816 - main - ERROR - WebSocket error: Connection to remote host was lost.
2025-07-28 15:18:54,816 - websocket - ERROR - Connection to remote host was lost. - goodbye
2025-07-28 15:18:54,816 - main - INFO - WebSocket closed with code: None, message: None
2025-07-28 15:18:55,472 - websocket - INFO - Websocket connected
2025-07-28 15:18:55,472 - main - INFO - WebSocket connection established
2025-07-28 15:18:55,473 - main - INFO - Sent subscription message for ['BTCUSD', 'ETHUSD']
2025-07-28 15:18:56,010 - main - ERROR - WebSocket error: Connection to remote host was lost.
2025-07-28 15:18:56,010 - websocket - ERROR - Connection to remote host was lost. - goodbye
2025-07-28 15:18:56,010 - main - INFO - WebSocket closed with code: None, message: None
2025-07-28 15:18:57,147 - websocket - INFO - Websocket connected
2025-07-28 15:18:57,148 - main - INFO - WebSocket connection established
2025-07-28 15:18:57,148 - main - INFO - Sent subscription message for ['BTCUSD', 'ETHUSD']
2025-07-28 15:18:57,607 - main - ERROR - WebSocket error: Connection to remote host was lost.
2025-07-28 15:18:57,608 - websocket - ERROR - Connection to remote host was lost. - goodbye
2025-07-28 15:18:57,608 - main - INFO - WebSocket closed with code: None, message: None
2025-07-28 15:18:58,548 - websocket - INFO - Websocket connected
2025-07-28 15:18:58,549 - main - INFO - WebSocket connection established
2025-07-28 15:18:58,549 - main - INFO - Sent subscription message for ['BTCUSD', 'ETHUSD']
2025-07-28 15:18:58,912 - main - ERROR - WebSocket error: Connection to remote host was lost.
2025-07-28 15:18:58,913 - websocket - ERROR - Connection to remote host was lost. - goodbye
2025-07-28 15:18:58,913 - main - INFO - WebSocket closed with code: None, message: None
2025-07-28 15:19:00,470 - websocket - INFO - Websocket connected
2025-07-28 15:19:00,470 - main - INFO - WebSocket connection established
2025-07-28 15:19:00,471 - main - INFO - Sent subscription message for ['BTCUSD', 'ETHUSD']
2025-07-28 15:19:00,969 - main - ERROR - WebSocket error: Connection to remote host was lost.
2025-07-28 15:19:00,970 - websocket - ERROR - Connection to remote host was lost. - goodbye
2025-07-28 15:19:00,970 - main - INFO - WebSocket closed with code: None, message: None
2025-07-28 15:19:02,176 - websocket - INFO - Websocket connected
2025-07-28 15:19:02,177 - main - INFO - WebSocket connection established
2025-07-28 15:19:02,178 - main - INFO - Sent subscription message for ['BTCUSD', 'ETHUSD']
2025-07-28 15:19:02,655 - main - ERROR - WebSocket error: Connection to remote host was lost.
2025-07-28 15:19:02,655 - websocket - ERROR - Connection to remote host was lost. - goodbye
2025-07-28 15:19:02,655 - main - INFO - WebSocket closed with code: None, message: None
2025-07-28 15:19:03,759 - websocket - INFO - Websocket connected
2025-07-28 15:19:03,760 - main - INFO - WebSocket connection established
2025-07-28 15:19:03,761 - main - INFO - Sent subscription message for ['BTCUSD', 'ETHUSD']
2025-07-28 15:19:04,330 - main - ERROR - WebSocket error: Connection to remote host was lost.
2025-07-28 15:19:04,330 - websocket - ERROR - Connection to remote host was lost. - goodbye
2025-07-28 15:19:04,330 - main - INFO - WebSocket closed with code: None, message: None
2025-07-28 15:19:06,547 - websocket - INFO - Websocket connected
2025-07-28 15:19:06,548 - main - INFO - WebSocket connection established
2025-07-28 15:19:06,548 - main - INFO - Sent subscription message for ['BTCUSD', 'ETHUSD']
2025-07-28 15:19:07,091 - main - ERROR - WebSocket error: Connection to remote host was lost.
2025-07-28 15:19:07,091 - websocket - ERROR - Connection to remote host was lost. - goodbye
2025-07-28 15:19:07,091 - main - INFO - WebSocket closed with code: None, message: None
2025-07-28 15:19:08,232 - websocket - INFO - Websocket connected
2025-07-28 15:19:08,232 - main - INFO - WebSocket connection established
2025-07-28 15:19:08,233 - main - INFO - Sent subscription message for ['BTCUSD', 'ETHUSD']
2025-07-28 15:19:08,661 - main - ERROR - WebSocket error: Connection to remote host was lost.
2025-07-28 15:19:08,661 - websocket - ERROR - Connection to remote host was lost. - goodbye
2025-07-28 15:19:08,661 - main - INFO - WebSocket closed with code: None, message: None
2025-07-28 15:19:09,702 - websocket - INFO - Websocket connected
2025-07-28 15:19:09,702 - main - INFO - WebSocket connection established
2025-07-28 15:19:09,702 - main - INFO - Sent subscription message for ['BTCUSD', 'ETHUSD']
2025-07-28 15:19:10,066 - main - ERROR - WebSocket error: Connection to remote host was lost.
2025-07-28 15:19:10,066 - websocket - ERROR - Connection to remote host was lost. - goodbye
2025-07-28 15:19:10,066 - main - INFO - WebSocket closed with code: None, message: None
2025-07-28 15:19:11,336 - websocket - INFO - Websocket connected
2025-07-28 15:19:11,336 - main - INFO - WebSocket connection established
2025-07-28 15:19:11,336 - main - INFO - Sent subscription message for ['BTCUSD', 'ETHUSD']
2025-07-28 15:19:11,771 - main - ERROR - WebSocket error: Connection to remote host was lost.
2025-07-28 15:19:11,771 - websocket - ERROR - Connection to remote host was lost. - goodbye
2025-07-28 15:19:11,771 - main - INFO - WebSocket closed with code: None, message: None
2025-07-28 15:19:12,710 - websocket - INFO - Websocket connected
2025-07-28 15:19:12,711 - main - INFO - WebSocket connection established
2025-07-28 15:19:12,712 - main - INFO - Sent subscription message for ['BTCUSD', 'ETHUSD']
2025-07-28 15:19:13,227 - main - ERROR - WebSocket error: Connection to remote host was lost.
2025-07-28 15:19:13,227 - websocket - ERROR - Connection to remote host was lost. - goodbye
2025-07-28 15:19:13,227 - main - INFO - WebSocket closed with code: None, message: None
2025-07-28 15:19:14,243 - websocket - INFO - Websocket connected
2025-07-28 15:19:14,243 - main - INFO - WebSocket connection established
2025-07-28 15:19:14,243 - main - INFO - Sent subscription message for ['BTCUSD', 'ETHUSD']
2025-07-28 15:19:14,577 - main - ERROR - WebSocket error: Connection to remote host was lost.
2025-07-28 15:19:14,578 - websocket - ERROR - Connection to remote host was lost. - goodbye
2025-07-28 15:19:14,578 - main - INFO - WebSocket closed with code: None, message: None
2025-07-28 15:19:15,477 - websocket - INFO - Websocket connected
2025-07-28 15:19:15,478 - main - INFO - WebSocket connection established
2025-07-28 15:19:15,478 - main - INFO - Sent subscription message for ['BTCUSD', 'ETHUSD']
2025-07-28 15:19:16,465 - main - ERROR - WebSocket error: Connection to remote host was lost.
2025-07-28 15:19:16,465 - websocket - ERROR - Connection to remote host was lost. - goodbye
2025-07-28 15:19:16,465 - main - INFO - WebSocket closed with code: None, message: None
2025-07-28 15:19:17,689 - websocket - INFO - Websocket connected
2025-07-28 15:19:17,689 - main - INFO - WebSocket connection established
2025-07-28 15:19:17,689 - main - INFO - Sent subscription message for ['BTCUSD', 'ETHUSD']
2025-07-28 15:19:18,011 - main - ERROR - WebSocket error: Connection to remote host was lost.
2025-07-28 15:19:18,011 - websocket - ERROR - Connection to remote host was lost. - goodbye
2025-07-28 15:19:18,011 - main - INFO - WebSocket closed with code: None, message: None
2025-07-28 15:19:18,667 - websocket - INFO - Websocket connected
2025-07-28 15:19:18,667 - main - INFO - WebSocket connection established
2025-07-28 15:19:18,667 - main - INFO - Sent subscription message for ['BTCUSD', 'ETHUSD']
2025-07-28 15:19:19,520 - main - ERROR - WebSocket error: Connection to remote host was lost.
2025-07-28 15:19:19,520 - websocket - ERROR - Connection to remote host was lost. - goodbye
2025-07-28 15:19:19,520 - main - INFO - WebSocket closed with code: None, message: None
2025-07-28 15:19:22,142 - websocket - INFO - Websocket connected
2025-07-28 15:19:22,142 - main - INFO - WebSocket connection established
2025-07-28 15:19:22,142 - main - INFO - Sent subscription message for ['BTCUSD', 'ETHUSD']
2025-07-28 15:19:22,762 - main - ERROR - WebSocket error: Connection to remote host was lost.
2025-07-28 15:19:22,763 - websocket - ERROR - Connection to remote host was lost. - goodbye
2025-07-28 15:19:22,763 - main - INFO - WebSocket closed with code: None, message: None
2025-07-28 15:19:24,393 - websocket - INFO - Websocket connected
2025-07-28 15:19:24,393 - main - INFO - WebSocket connection established
2025-07-28 15:19:24,393 - main - INFO - Sent subscription message for ['BTCUSD', 'ETHUSD']
2025-07-28 15:19:24,879 - main - ERROR - WebSocket error: Connection to remote host was lost.
2025-07-28 15:19:24,880 - websocket - ERROR - Connection to remote host was lost. - goodbye
2025-07-28 15:19:24,880 - main - INFO - WebSocket closed with code: None, message: None
2025-07-28 15:19:26,152 - websocket - INFO - Websocket connected
2025-07-28 15:19:26,152 - main - INFO - WebSocket connection established
2025-07-28 15:19:26,152 - main - INFO - Sent subscription message for ['BTCUSD', 'ETHUSD']
2025-07-28 15:19:26,639 - main - ERROR - WebSocket error: Connection to remote host was lost.
2025-07-28 15:19:26,640 - websocket - ERROR - Connection to remote host was lost. - goodbye
2025-07-28 15:19:26,640 - main - INFO - WebSocket closed with code: None, message: None
2025-07-28 15:19:27,868 - websocket - INFO - Websocket connected
2025-07-28 15:19:27,868 - main - INFO - WebSocket connection established
2025-07-28 15:19:27,868 - main - INFO - Sent subscription message for ['BTCUSD', 'ETHUSD']
2025-07-28 15:19:28,602 - main - ERROR - WebSocket error: Connection to remote host was lost.
2025-07-28 15:19:28,602 - websocket - ERROR - Connection to remote host was lost. - goodbye
2025-07-28 15:19:28,602 - main - INFO - WebSocket closed with code: None, message: None
2025-07-28 15:19:29,684 - websocket - INFO - Websocket connected
2025-07-28 15:19:29,684 - main - INFO - WebSocket connection established
2025-07-28 15:19:29,685 - main - INFO - Sent subscription message for ['BTCUSD', 'ETHUSD']
2025-07-28 15:19:30,331 - main - ERROR - WebSocket error: Connection to remote host was lost.
2025-07-28 15:19:30,332 - websocket - ERROR - Connection to remote host was lost. - goodbye
2025-07-28 15:19:30,332 - main - INFO - WebSocket closed with code: None, message: None
2025-07-28 15:19:31,321 - websocket - INFO - Websocket connected
2025-07-28 15:19:31,322 - main - INFO - WebSocket connection established
2025-07-28 15:19:31,322 - main - INFO - Sent subscription message for ['BTCUSD', 'ETHUSD']
2025-07-28 15:19:31,878 - main - ERROR - WebSocket error: Connection to remote host was lost.
2025-07-28 15:19:31,878 - websocket - ERROR - Connection to remote host was lost. - goodbye
2025-07-28 15:19:31,878 - main - INFO - WebSocket closed with code: None, message: None
2025-07-28 15:19:33,059 - websocket - INFO - Websocket connected
2025-07-28 15:19:33,059 - main - INFO - WebSocket connection established
2025-07-28 15:19:33,059 - main - INFO - Sent subscription message for ['BTCUSD', 'ETHUSD']
2025-07-28 15:19:33,390 - main - ERROR - WebSocket error: Connection to remote host was lost.
2025-07-28 15:19:33,390 - websocket - ERROR - Connection to remote host was lost. - goodbye
2025-07-28 15:19:33,391 - main - INFO - WebSocket closed with code: None, message: None
2025-07-28 15:19:34,512 - websocket - INFO - Websocket connected
2025-07-28 15:19:34,513 - main - INFO - WebSocket connection established
2025-07-28 15:19:34,513 - main - INFO - Sent subscription message for ['BTCUSD', 'ETHUSD']
2025-07-28 15:19:35,007 - main - ERROR - WebSocket error: Connection to remote host was lost.
2025-07-28 15:19:35,007 - websocket - ERROR - Connection to remote host was lost. - goodbye
2025-07-28 15:19:35,007 - main - INFO - WebSocket closed with code: None, message: None
2025-07-28 15:19:36,724 - websocket - INFO - Websocket connected
2025-07-28 15:19:36,724 - main - INFO - WebSocket connection established
2025-07-28 15:19:36,724 - main - INFO - Sent subscription message for ['BTCUSD', 'ETHUSD']
2025-07-28 15:19:37,443 - main - ERROR - WebSocket error: Connection to remote host was lost.
2025-07-28 15:19:37,444 - websocket - ERROR - Connection to remote host was lost. - goodbye
2025-07-28 15:19:37,444 - main - INFO - WebSocket closed with code: None, message: None
2025-07-28 15:19:38,723 - websocket - INFO - Websocket connected
2025-07-28 15:19:38,723 - main - INFO - WebSocket connection established
2025-07-28 15:19:38,723 - main - INFO - Sent subscription message for ['BTCUSD', 'ETHUSD']
2025-07-28 15:19:39,343 - main - ERROR - WebSocket error: Connection to remote host was lost.
2025-07-28 15:19:39,343 - websocket - ERROR - Connection to remote host was lost. - goodbye
2025-07-28 15:19:39,343 - main - INFO - WebSocket closed with code: None, message: None
2025-07-28 15:19:40,735 - websocket - INFO - Websocket connected
2025-07-28 15:19:40,736 - main - INFO - WebSocket connection established
2025-07-28 15:19:40,736 - main - INFO - Sent subscription message for ['BTCUSD', 'ETHUSD']
2025-07-28 15:19:41,449 - main - ERROR - WebSocket error: Connection to remote host was lost.
2025-07-28 15:19:41,450 - websocket - ERROR - Connection to remote host was lost. - goodbye
2025-07-28 15:19:41,450 - main - INFO - WebSocket closed with code: None, message: None
2025-07-28 15:19:42,832 - websocket - INFO - Websocket connected
2025-07-28 15:19:42,832 - main - INFO - WebSocket connection established
2025-07-28 15:19:42,833 - main - INFO - Sent subscription message for ['BTCUSD', 'ETHUSD']
2025-07-28 15:19:43,370 - main - ERROR - WebSocket error: Connection to remote host was lost.
2025-07-28 15:19:43,370 - websocket - ERROR - Connection to remote host was lost. - goodbye
2025-07-28 15:19:43,371 - main - INFO - WebSocket closed with code: None, message: None
2025-07-28 15:19:44,255 - websocket - INFO - Websocket connected
2025-07-28 15:19:44,255 - main - INFO - WebSocket connection established
2025-07-28 15:19:44,255 - main - INFO - Sent subscription message for ['BTCUSD', 'ETHUSD']
2025-07-28 15:19:44,705 - main - ERROR - WebSocket error: Connection to remote host was lost.
2025-07-28 15:19:44,705 - websocket - ERROR - Connection to remote host was lost. - goodbye
2025-07-28 15:19:44,705 - main - INFO - WebSocket closed with code: None, message: None
2025-07-28 15:19:45,713 - websocket - INFO - Websocket connected
2025-07-28 15:19:45,714 - main - INFO - WebSocket connection established
2025-07-28 15:19:45,714 - main - INFO - Sent subscription message for ['BTCUSD', 'ETHUSD']
2025-07-28 15:19:46,348 - main - ERROR - WebSocket error: Connection to remote host was lost.
2025-07-28 15:19:46,348 - websocket - ERROR - Connection to remote host was lost. - goodbye
2025-07-28 15:19:46,348 - main - INFO - WebSocket closed with code: None, message: None
2025-07-28 15:19:48,091 - websocket - INFO - Websocket connected
2025-07-28 15:19:48,091 - main - INFO - WebSocket connection established
2025-07-28 15:19:48,092 - main - INFO - Sent subscription message for ['BTCUSD', 'ETHUSD']
2025-07-28 15:19:48,704 - main - ERROR - WebSocket error: Connection to remote host was lost.
2025-07-28 15:19:48,704 - websocket - ERROR - Connection to remote host was lost. - goodbye
2025-07-28 15:19:48,705 - main - INFO - WebSocket closed with code: None, message: None
2025-07-28 15:19:50,064 - websocket - INFO - Websocket connected
2025-07-28 15:19:50,065 - main - INFO - WebSocket connection established
2025-07-28 15:19:50,065 - main - INFO - Sent subscription message for ['BTCUSD', 'ETHUSD']
2025-07-28 15:19:51,294 - main - ERROR - WebSocket error: Connection to remote host was lost.
2025-07-28 15:19:51,294 - websocket - ERROR - Connection to remote host was lost. - goodbye
2025-07-28 15:19:51,294 - main - INFO - WebSocket closed with code: None, message: None
2025-07-28 15:19:51,454 - main - INFO - Shutting down application
